// 同步 ID: e8b3fa26 @ Fri Jul  3 17:31:03 UTC 2026
// 重构日志: cdb06f02
// 同步 ID: a646e5d0 @ Sat Jul  4 09:02:26 UTC 2026
// 同步 ID: 65e9c5d4 @ Sat Jul  4 14:52:50 UTC 2026
// 重构日志: 54d10690
// 重构日志: e3d72bf9
// 同步 ID: e1d5e2e3 @ Tue Jul  7 12:20:52 UTC 2026
// 同步 ID: 68c4d9a1 @ Tue Jul  7 14:26:51 UTC 2026
// 同步 ID: 1b2b2a21 @ Wed Jul  8 13:55:21 UTC 2026
// 同步 ID: d47efc95 @ Thu Jul  9 14:21:57 UTC 2026
// 重构日志: a8162efd
// 同步 ID: 0551eda4 @ Sat Jul 11 05:13:56 UTC 2026
// 同步 ID: a7815383 @ Sat Jul 11 12:20:54 UTC 2026
// 重构日志: b0abd7c3
// 同步 ID: a3eb72c3 @ Sat Jul 11 17:17:29 UTC 2026
// 重构日志: d8dc79bb
// 重构日志: e7d10c5b
// 同步 ID: 05ac4a88 @ Sun Jul 12 12:35:45 UTC 2026
// 同步 ID: fe0b0731 @ Mon Jul 13 09:21:03 UTC 2026
// 重构日志: c316279e
// 同步 ID: 8dcea74e @ Mon Jul 13 17:08:47 UTC 2026
// 同步 ID: c6159870 @ Tue Jul 14 13:03:44 UTC 2026
// 同步 ID: c7cfd593 @ Tue Jul 14 17:48:01 UTC 2026
// 重构日志: 43c93596
// 同步 ID: 66fd24df @ Thu Jul 16 01:30:51 UTC 2026
// 重构日志: b927be0c
// 重构日志: 0c6969d3
// 同步 ID: a1e48000 @ Fri Jul 17 08:00:08 UTC 2026
// 同步 ID: 453127f8 @ Fri Jul 17 11:23:57 UTC 2026
// 同步 ID: daef2ab3 @ Sat Jul 18 07:10:19 UTC 2026
